{"level":"info","message":"Server listening on"}
info: Server listening on
info: Server listening on
[2021-10-09T15:18:34.550Z] info Server listening on
[2021-10-09T15:46:17.251Z] info Server listening on
[2021-10-09T15:50:53.033Z] [32minfo[39m Server listening on
[2021-10-09T15:52:19.365Z] info Server listening on
[2021-10-09T15:52:24.321Z] info Server listening on
[2021-10-09T15:53:15.618Z] info Server listening on
[2021-10-09T16:02:47.887Z] info Server listening on
[10/9/2021, 6:08:53 PM] info Server listening on
[10/9/2021, 6:41:19 PM] info Server listening on
[9/10/2021 18:45:50] info Server listening on
[9/10/2021 18:46:03] info Server listening on
[9/10/2021 13:47:19] info Server listening on
[9/10/2021 13:48:50] [32minfo[39m Server listening on
[9/10/2021 13:49:47] [32minfo[39m Server listening on
[9/10/2021 13:51:15] [32minfo[39m [32mServer listening on[39m
[9/10/2021 13:58:59] [32minfo[39m [32mServer listening on[39m
[9/10/2021 13:59:09] [32minfo[39m [32mServer listening on[39m
[9/10/2021 14:05:28] [32minfo[39m [32mServer listening on[39m
[9/10/2021 14:09:24] [32minfo[39m [32mServer listening on[39m
[9/10/2021 14:19:13] [32minfo[39m [32mServer listening on[39m
[9/10/2021 14:21:41] [32minfo[39m Server listening on
[9/10/2021 14:22:00] [32minfo[39m Server listening on
[9/10/2021 14:22:52] [32minfo[39m Server listening on
[9/10/2021 14:23:06] [32minfo[39m Server listening on
[9/10/2021 14:24:40] [32minfo[39m Server listening on
[9/10/2021 14:24:52] [32minfo[39m Server listening on
[9/10/2021 14:25:20] [32minfo[39m Server listening on
[9/10/2021 14:26:57] [31merror[39m Server listening on
[9/10/2021 14:28:58] [32minfo[39m Server listening on
[9/10/2021 14:30:09] [32minfo[39m Server listening on
[9/10/2021 14:32:42] [32minfo[39m Server listening on
[9/10/2021 14:32:51] [32minfo[39m Server listening on
[9/10/2021 14:33:13] [32minfo[39m Server listening on
[9/10/2021 14:33:19] [32minfo[39m Server listening on
[9/10/2021 14:33:31] [32minfo[39m Server listening on
[9/10/2021 14:33:43] [32minfo[39m Server listening on
[9/10/2021 14:33:54] [32minfo[39m Server listening on
[9/10/2021 14:34:05] [32minfo[39m Server listening on
[9/10/2021 14:34:33] [32minfo[39m [32mServer listening on[39m
[9/10/2021 14:34:51] [32minfo[39m [32mServer listening on[39m
[9/10/2021 14:45:33] [32minfo[39m [32mServer listening on[39m
[9/10/2021 14:46:32] [32minfo[39m [32mServer listening on[39m
[9/10/2021 14:46:55] [32minfo[39m [32mServer listening on[39m
[9/10/2021 14:50:38] [32minfo[39m [32mServer listening on[39m
[9/10/2021 14:51:59] [32minfo[39m [32mServer listening on[39m
[9/10/2021 14:53:43] [32minfo[39m [32mServer listening on[39m
[9/10/2021 14:54:43] [32minfo[39m [32mServer listening on[39m
[9/10/2021 14:54:59] [32minfo[39m [32mServer listening on[39m
[9/10/2021 14:57:48] [32minfo[39m [32mServer listening on[39m
[9/10/2021 14:59:49] [32minfo[39m [32mServer listening on[39m
[9/10/2021 15:00:03] [32minfo[39m [32mServer listening on[39m
[9/10/2021 15:00:09] [32minfo[39m [32mRoles found : [object SequelizeInstance:Role],[object SequelizeInstance:Role],[object SequelizeInstance:Role],[object SequelizeInstance:Role],[object SequelizeInstance:Role][39m
[9/10/2021 15:01:11] [32minfo[39m [32mServer listening on[39m
[9/10/2021 15:01:24] [32minfo[39m [32mServer listening on[39m
[9/10/2021 15:01:58] [32minfo[39m [32mServer listening on[39m
[9/10/2021 15:02:01] [32minfo[39m [32mRoles found : [{"id":1,"name":"Admin","description":"Usuario administrador","deletedAt":null,"createdAt":"2021-10-07T20:06:03.000Z","updatedAt":"2021-10-07T20:06:03.000Z"},{"id":2,"name":"Standard","description":"Usuario regular","deletedAt":null,"createdAt":"2021-10-07T20:06:03.000Z","updatedAt":"2021-10-07T20:06:03.000Z"},{"id":3,"name":"Administrador","description":"unico que puede manejar todas las rutas","deletedAt":null,"createdAt":"2021-10-08T20:05:22.000Z","updatedAt":"2021-10-08T20:05:22.000Z"},{"id":4,"name":"Admin","description":"Usuario administrador","deletedAt":null,"createdAt":"2021-10-08T22:43:58.000Z","updatedAt":"2021-10-08T22:43:58.000Z"},{"id":5,"name":"Standard","description":"Usuario regular","deletedAt":null,"createdAt":"2021-10-08T22:43:58.000Z","updatedAt":"2021-10-08T22:43:58.000Z"}][39m
[9/10/2021 15:21:57] [32minfo[39m [32mServer listening on[39m
[9/10/2021 15:25:27] [32minfo[39m [32mServer listening on[39m
[9/10/2021 15:28:44] [32minfo[39m [32mServer listening on[39m
[9/10/2021 15:31:27] [32minfo[39m [32mServer listening on[39m
[9/10/2021 15:32:33] [32minfo[39m [32mRole created: [object SequelizeInstance:Role][39m
[9/10/2021 15:36:17] [32minfo[39m [32mServer listening on[39m
[9/10/2021 15:39:39] [32minfo[39m [32mServer listening on[39m
[9/10/2021 15:40:02] [32minfo[39m [32mRole created: [object SequelizeInstance:Role][39m
[9/10/2021 15:40:17] [32minfo[39m [32mServer listening on[39m
[9/10/2021 15:42:28] [32minfo[39m [32mRole created: [object SequelizeInstance:Role][39m
[9/10/2021 15:45:49] [32minfo[39m [32mServer listening on[39m
[9/10/2021 15:46:02] [32minfo[39m [32mRole created[39m
{"level":"\u001b[32minfo\u001b[39m","message":"\u001b[32mServer listening on\u001b[39m","timestamp":"9/10/2021 15:56:13"}
[9/10/2021 15:56:42] [32minfo[39m [32mServer listening on[39m
{"level":"\u001b[32minfo\u001b[39m","message":"\u001b[32mServer listening on\u001b[39m","timestamp":"9/10/2021 15:57:24"}
{"level":"\u001b[32minfo\u001b[39m","message":"\u001b[32mServer listening on\u001b[39m","timestamp":"9/10/2021 15:59:03"}
[9/10/2021 16:01:30] [32minfo[39m [32mServer listening on[39m
[9/10/2021 16:03:40] [32minfo[39m [32mServer listening on[39m
[9/10/2021 16:03:57] [32minfo[39m [32mRole created[39m
[9/10/2021 16:05:17] [32minfo[39m [32mServer listening on[39m
[9/10/2021 16:05:23] [32minfo[39m [32mRole created: [object SequelizeInstance:Role][39m
[9/10/2021 16:07:28] [32minfo[39m [32mServer listening on[39m
[9/10/2021 16:07:53] [32minfo[39m [32mServer listening on[39m
[9/10/2021 16:08:01] [32minfo[39m [32mRole created: [object SequelizeInstance:Role][39m
undefined
undefined
[9/10/2021 16:16:24] [32minfo[39m "\u001b[32mServer listening on\u001b[39m"
[9/10/2021 16:16:46] [32minfo[39m "\u001b[32mRole created: [object SequelizeInstance:Role]\u001b[39m"
[9/10/2021 16:17:34] [32minfo[39m "\u001b[32mServer listening on\u001b[39m"
[9/10/2021 16:17:40] [32minfo[39m "\u001b[32mRole created\u001b[39m"
[9/10/2021 16:19:13] [32minfo[39m "\u001b[32mServer listening on\u001b[39m"
undefined
[9/10/2021 16:22:56] [32minfo[39m "\u001b[32mServer listening on\u001b[39m"
[9/10/2021 16:24:20] [32minfo[39m [32mServer listening on[39m
{"level":"\u001b[32minfo\u001b[39m","message":"\u001b[32mServer listening on\u001b[39m","timestamp":"9/10/2021 16:28:08"}
[9/10/2021 16:28:13] [32minfo[39m [32mServer listening on[39m
[9/10/2021 16:30:46] [32minfo[39m [32mServer listening on[39m
[9/10/2021 16:37:21] [32minfo[39m undefined
[9/10/2021 16:37:34] [32minfo[39m [object Object]
[9/10/2021 16:39:43] [32minfo[39m "\u001b[32mServer listening on\u001b[39m"
[9/10/2021 16:50:05] [32minfo[39m "\u001b[32mServer listening on\u001b[39m"
[9/10/2021 16:50:32] [32minfo[39m [32mServer listening on[39m
[9/10/2021 17:07:18] [32minfo[39m [32mServer listening on[39m
[9/10/2021 17:07:23] [32minfo[39m [32mServer listening on[39m
[9/10/2021 17:24:18] [32minfo[39m [32mServer listening on[39m
[16/10/2021 18:13:37] info Roles found
[16/10/2021 18:14:32] info Role created: {"id":1,"name":"Usuario comun","description":"solo puedo ver info sin poder modificar","updatedAt":"2021-10-16T21:14:32.635Z","createdAt":"2021-10-16T21:14:32.635Z"}
[16/10/2021 18:14:52] info Roles found
[16/10/2021 18:15:11] info Roles found
[16/10/2021 18:15:48] info Role created: {"id":2,"name":"Usuario comun","description":"solo puedo ver info sin poder modificar","updatedAt":"2021-10-16T21:15:47.921Z","createdAt":"2021-10-16T21:15:47.921Z"}
[16/10/2021 19:40:37] info Roles found
[16/10/2021 19:40:51] info Role created: {"id":9,"name":"Usuario comun","description":"solo puedo ver info sin poder modificar","updatedAt":"2021-10-16T22:40:51.449Z","createdAt":"2021-10-16T22:40:51.449Z"}
[29/10/2021 15:13:31] warn Incorrect email or password.
[29/10/2021 15:49:42] warn Incorrect email or password.
